Determining if the __sparc exist failed with the following output:
Change Dir: /home/adrian/systemc/systemc-2.3.3/build/CMakeFiles/CMakeTmp

Run Build Command(s):/usr/bin/make cmTC_3900a/fast && /usr/bin/make -f CMakeFiles/cmTC_3900a.dir/build.make CMakeFiles/cmTC_3900a.dir/build
make[1]: Entering directory '/home/adrian/systemc/systemc-2.3.3/build/CMakeFiles/CMakeTmp'
Building C object CMakeFiles/cmTC_3900a.dir/CheckSymbolExists.c.o
/usr/bin/cc    -o CMakeFiles/cmTC_3900a.dir/CheckSymbolExists.c.o   -c /home/adrian/systemc/systemc-2.3.3/build/CMakeFiles/CMakeTmp/CheckSymbolExists.c
/home/adrian/systemc/systemc-2.3.3/build/CMakeFiles/CMakeTmp/CheckSymbolExists.c: In function ‘main’:
/home/adrian/systemc/systemc-2.3.3/build/CMakeFiles/CMakeTmp/CheckSymbolExists.c:7:19: error: ‘__sparc’ undeclared (first use in this function)
    7 |   return ((int*)(&__sparc))[argc];
      |                   ^~~~~~~
/home/adrian/systemc/systemc-2.3.3/build/CMakeFiles/CMakeTmp/CheckSymbolExists.c:7:19: note: each undeclared identifier is reported only once for each function it appears in
make[1]: *** [CMakeFiles/cmTC_3900a.dir/build.make:66: CMakeFiles/cmTC_3900a.dir/CheckSymbolExists.c.o] Error 1
make[1]: Leaving directory '/home/adrian/systemc/systemc-2.3.3/build/CMakeFiles/CMakeTmp'
make: *** [Makefile:121: cmTC_3900a/fast] Error 2


File /home/adrian/systemc/systemc-2.3.3/build/CMakeFiles/CMakeTmp/CheckSymbolExists.c:
/* */

int main(int argc, char** argv)
{
  (void)argv;
#ifndef __sparc
  return ((int*)(&__sparc))[argc];
#else
  (void)argc;
  return 0;
#endif
}
Determining if the __sparc__ exist failed with the following output:
Change Dir: /home/adrian/systemc/systemc-2.3.3/build/CMakeFiles/CMakeTmp

Run Build Command(s):/usr/bin/make cmTC_5c467/fast && /usr/bin/make -f CMakeFiles/cmTC_5c467.dir/build.make CMakeFiles/cmTC_5c467.dir/build
make[1]: Entering directory '/home/adrian/systemc/systemc-2.3.3/build/CMakeFiles/CMakeTmp'
Building C object CMakeFiles/cmTC_5c467.dir/CheckSymbolExists.c.o
/usr/bin/cc    -o CMakeFiles/cmTC_5c467.dir/CheckSymbolExists.c.o   -c /home/adrian/systemc/systemc-2.3.3/build/CMakeFiles/CMakeTmp/CheckSymbolExists.c
/home/adrian/systemc/systemc-2.3.3/build/CMakeFiles/CMakeTmp/CheckSymbolExists.c: In function ‘main’:
/home/adrian/systemc/systemc-2.3.3/build/CMakeFiles/CMakeTmp/CheckSymbolExists.c:7:19: error: ‘__sparc__’ undeclared (first use in this function)
    7 |   return ((int*)(&__sparc__))[argc];
      |                   ^~~~~~~~~
/home/adrian/systemc/systemc-2.3.3/build/CMakeFiles/CMakeTmp/CheckSymbolExists.c:7:19: note: each undeclared identifier is reported only once for each function it appears in
make[1]: *** [CMakeFiles/cmTC_5c467.dir/build.make:66: CMakeFiles/cmTC_5c467.dir/CheckSymbolExists.c.o] Error 1
make[1]: Leaving directory '/home/adrian/systemc/systemc-2.3.3/build/CMakeFiles/CMakeTmp'
make: *** [Makefile:121: cmTC_5c467/fast] Error 2


File /home/adrian/systemc/systemc-2.3.3/build/CMakeFiles/CMakeTmp/CheckSymbolExists.c:
/* */

int main(int argc, char** argv)
{
  (void)argv;
#ifndef __sparc__
  return ((int*)(&__sparc__))[argc];
#else
  (void)argc;
  return 0;
#endif
}
Determining if the __hppa exist failed with the following output:
Change Dir: /home/adrian/systemc/systemc-2.3.3/build/CMakeFiles/CMakeTmp

Run Build Command(s):/usr/bin/make cmTC_ae162/fast && /usr/bin/make -f CMakeFiles/cmTC_ae162.dir/build.make CMakeFiles/cmTC_ae162.dir/build
make[1]: Entering directory '/home/adrian/systemc/systemc-2.3.3/build/CMakeFiles/CMakeTmp'
Building C object CMakeFiles/cmTC_ae162.dir/CheckSymbolExists.c.o
/usr/bin/cc    -o CMakeFiles/cmTC_ae162.dir/CheckSymbolExists.c.o   -c /home/adrian/systemc/systemc-2.3.3/build/CMakeFiles/CMakeTmp/CheckSymbolExists.c
/home/adrian/systemc/systemc-2.3.3/build/CMakeFiles/CMakeTmp/CheckSymbolExists.c: In function ‘main’:
/home/adrian/systemc/systemc-2.3.3/build/CMakeFiles/CMakeTmp/CheckSymbolExists.c:7:19: error: ‘__hppa’ undeclared (first use in this function)
    7 |   return ((int*)(&__hppa))[argc];
      |                   ^~~~~~
/home/adrian/systemc/systemc-2.3.3/build/CMakeFiles/CMakeTmp/CheckSymbolExists.c:7:19: note: each undeclared identifier is reported only once for each function it appears in
make[1]: *** [CMakeFiles/cmTC_ae162.dir/build.make:66: CMakeFiles/cmTC_ae162.dir/CheckSymbolExists.c.o] Error 1
make[1]: Leaving directory '/home/adrian/systemc/systemc-2.3.3/build/CMakeFiles/CMakeTmp'
make: *** [Makefile:121: cmTC_ae162/fast] Error 2


File /home/adrian/systemc/systemc-2.3.3/build/CMakeFiles/CMakeTmp/CheckSymbolExists.c:
/* */

int main(int argc, char** argv)
{
  (void)argv;
#ifndef __hppa
  return ((int*)(&__hppa))[argc];
#else
  (void)argc;
  return 0;
#endif
}
Determining if the __i386 exist failed with the following output:
Change Dir: /home/adrian/systemc/systemc-2.3.3/build/CMakeFiles/CMakeTmp

Run Build Command(s):/usr/bin/make cmTC_50afc/fast && /usr/bin/make -f CMakeFiles/cmTC_50afc.dir/build.make CMakeFiles/cmTC_50afc.dir/build
make[1]: Entering directory '/home/adrian/systemc/systemc-2.3.3/build/CMakeFiles/CMakeTmp'
Building C object CMakeFiles/cmTC_50afc.dir/CheckSymbolExists.c.o
/usr/bin/cc    -o CMakeFiles/cmTC_50afc.dir/CheckSymbolExists.c.o   -c /home/adrian/systemc/systemc-2.3.3/build/CMakeFiles/CMakeTmp/CheckSymbolExists.c
/home/adrian/systemc/systemc-2.3.3/build/CMakeFiles/CMakeTmp/CheckSymbolExists.c: In function ‘main’:
/home/adrian/systemc/systemc-2.3.3/build/CMakeFiles/CMakeTmp/CheckSymbolExists.c:7:19: error: ‘__i386’ undeclared (first use in this function)
    7 |   return ((int*)(&__i386))[argc];
      |                   ^~~~~~
/home/adrian/systemc/systemc-2.3.3/build/CMakeFiles/CMakeTmp/CheckSymbolExists.c:7:19: note: each undeclared identifier is reported only once for each function it appears in
make[1]: *** [CMakeFiles/cmTC_50afc.dir/build.make:66: CMakeFiles/cmTC_50afc.dir/CheckSymbolExists.c.o] Error 1
make[1]: Leaving directory '/home/adrian/systemc/systemc-2.3.3/build/CMakeFiles/CMakeTmp'
make: *** [Makefile:121: cmTC_50afc/fast] Error 2


File /home/adrian/systemc/systemc-2.3.3/build/CMakeFiles/CMakeTmp/CheckSymbolExists.c:
/* */

int main(int argc, char** argv)
{
  (void)argv;
#ifndef __i386
  return ((int*)(&__i386))[argc];
#else
  (void)argc;
  return 0;
#endif
}
Determining if the __aarch64__ exist failed with the following output:
Change Dir: /home/adrian/systemc/systemc-2.3.3/build/CMakeFiles/CMakeTmp

Run Build Command(s):/usr/bin/make cmTC_fbc6f/fast && /usr/bin/make -f CMakeFiles/cmTC_fbc6f.dir/build.make CMakeFiles/cmTC_fbc6f.dir/build
make[1]: Entering directory '/home/adrian/systemc/systemc-2.3.3/build/CMakeFiles/CMakeTmp'
Building C object CMakeFiles/cmTC_fbc6f.dir/CheckSymbolExists.c.o
/usr/bin/cc    -o CMakeFiles/cmTC_fbc6f.dir/CheckSymbolExists.c.o   -c /home/adrian/systemc/systemc-2.3.3/build/CMakeFiles/CMakeTmp/CheckSymbolExists.c
/home/adrian/systemc/systemc-2.3.3/build/CMakeFiles/CMakeTmp/CheckSymbolExists.c: In function ‘main’:
/home/adrian/systemc/systemc-2.3.3/build/CMakeFiles/CMakeTmp/CheckSymbolExists.c:7:19: error: ‘__aarch64__’ undeclared (first use in this function)
    7 |   return ((int*)(&__aarch64__))[argc];
      |                   ^~~~~~~~~~~
/home/adrian/systemc/systemc-2.3.3/build/CMakeFiles/CMakeTmp/CheckSymbolExists.c:7:19: note: each undeclared identifier is reported only once for each function it appears in
make[1]: *** [CMakeFiles/cmTC_fbc6f.dir/build.make:66: CMakeFiles/cmTC_fbc6f.dir/CheckSymbolExists.c.o] Error 1
make[1]: Leaving directory '/home/adrian/systemc/systemc-2.3.3/build/CMakeFiles/CMakeTmp'
make: *** [Makefile:121: cmTC_fbc6f/fast] Error 2


File /home/adrian/systemc/systemc-2.3.3/build/CMakeFiles/CMakeTmp/CheckSymbolExists.c:
/* */

int main(int argc, char** argv)
{
  (void)argv;
#ifndef __aarch64__
  return ((int*)(&__aarch64__))[argc];
#else
  (void)argc;
  return 0;
#endif
}
Determining if the __ppc__ exist failed with the following output:
Change Dir: /home/adrian/systemc/systemc-2.3.3/build/CMakeFiles/CMakeTmp

Run Build Command(s):/usr/bin/make cmTC_df45e/fast && /usr/bin/make -f CMakeFiles/cmTC_df45e.dir/build.make CMakeFiles/cmTC_df45e.dir/build
make[1]: Entering directory '/home/adrian/systemc/systemc-2.3.3/build/CMakeFiles/CMakeTmp'
Building C object CMakeFiles/cmTC_df45e.dir/CheckSymbolExists.c.o
/usr/bin/cc    -o CMakeFiles/cmTC_df45e.dir/CheckSymbolExists.c.o   -c /home/adrian/systemc/systemc-2.3.3/build/CMakeFiles/CMakeTmp/CheckSymbolExists.c
/home/adrian/systemc/systemc-2.3.3/build/CMakeFiles/CMakeTmp/CheckSymbolExists.c: In function ‘main’:
/home/adrian/systemc/systemc-2.3.3/build/CMakeFiles/CMakeTmp/CheckSymbolExists.c:7:19: error: ‘__ppc__’ undeclared (first use in this function)
    7 |   return ((int*)(&__ppc__))[argc];
      |                   ^~~~~~~
/home/adrian/systemc/systemc-2.3.3/build/CMakeFiles/CMakeTmp/CheckSymbolExists.c:7:19: note: each undeclared identifier is reported only once for each function it appears in
make[1]: *** [CMakeFiles/cmTC_df45e.dir/build.make:66: CMakeFiles/cmTC_df45e.dir/CheckSymbolExists.c.o] Error 1
make[1]: Leaving directory '/home/adrian/systemc/systemc-2.3.3/build/CMakeFiles/CMakeTmp'
make: *** [Makefile:121: cmTC_df45e/fast] Error 2


File /home/adrian/systemc/systemc-2.3.3/build/CMakeFiles/CMakeTmp/CheckSymbolExists.c:
/* */

int main(int argc, char** argv)
{
  (void)argv;
#ifndef __ppc__
  return ((int*)(&__ppc__))[argc];
#else
  (void)argc;
  return 0;
#endif
}
Determining if the __powerpc exist failed with the following output:
Change Dir: /home/adrian/systemc/systemc-2.3.3/build/CMakeFiles/CMakeTmp

Run Build Command(s):/usr/bin/make cmTC_b8e94/fast && /usr/bin/make -f CMakeFiles/cmTC_b8e94.dir/build.make CMakeFiles/cmTC_b8e94.dir/build
make[1]: Entering directory '/home/adrian/systemc/systemc-2.3.3/build/CMakeFiles/CMakeTmp'
Building C object CMakeFiles/cmTC_b8e94.dir/CheckSymbolExists.c.o
/usr/bin/cc    -o CMakeFiles/cmTC_b8e94.dir/CheckSymbolExists.c.o   -c /home/adrian/systemc/systemc-2.3.3/build/CMakeFiles/CMakeTmp/CheckSymbolExists.c
/home/adrian/systemc/systemc-2.3.3/build/CMakeFiles/CMakeTmp/CheckSymbolExists.c: In function ‘main’:
/home/adrian/systemc/systemc-2.3.3/build/CMakeFiles/CMakeTmp/CheckSymbolExists.c:7:19: error: ‘__powerpc’ undeclared (first use in this function)
    7 |   return ((int*)(&__powerpc))[argc];
      |                   ^~~~~~~~~
/home/adrian/systemc/systemc-2.3.3/build/CMakeFiles/CMakeTmp/CheckSymbolExists.c:7:19: note: each undeclared identifier is reported only once for each function it appears in
make[1]: *** [CMakeFiles/cmTC_b8e94.dir/build.make:66: CMakeFiles/cmTC_b8e94.dir/CheckSymbolExists.c.o] Error 1
make[1]: Leaving directory '/home/adrian/systemc/systemc-2.3.3/build/CMakeFiles/CMakeTmp'
make: *** [Makefile:121: cmTC_b8e94/fast] Error 2


File /home/adrian/systemc/systemc-2.3.3/build/CMakeFiles/CMakeTmp/CheckSymbolExists.c:
/* */

int main(int argc, char** argv)
{
  (void)argv;
#ifndef __powerpc
  return ((int*)(&__powerpc))[argc];
#else
  (void)argc;
  return 0;
#endif
}
Performing C SOURCE FILE Test CMAKE_HAVE_LIBC_PTHREAD failed with the following output:
Change Dir: /home/adrian/systemc/systemc-2.3.3/build/CMakeFiles/CMakeTmp

Run Build Command(s):/usr/bin/make cmTC_f580d/fast && /usr/bin/make -f CMakeFiles/cmTC_f580d.dir/build.make CMakeFiles/cmTC_f580d.dir/build
make[1]: Entering directory '/home/adrian/systemc/systemc-2.3.3/build/CMakeFiles/CMakeTmp'
Building C object CMakeFiles/cmTC_f580d.dir/src.c.o
/usr/bin/cc   -DCMAKE_HAVE_LIBC_PTHREAD   -o CMakeFiles/cmTC_f580d.dir/src.c.o   -c /home/adrian/systemc/systemc-2.3.3/build/CMakeFiles/CMakeTmp/src.c
Linking C executable cmTC_f580d
/usr/bin/cmake -E cmake_link_script CMakeFiles/cmTC_f580d.dir/link.txt --verbose=1
/usr/bin/cc  -DCMAKE_HAVE_LIBC_PTHREAD    -rdynamic CMakeFiles/cmTC_f580d.dir/src.c.o  -o cmTC_f580d 
/usr/bin/ld: CMakeFiles/cmTC_f580d.dir/src.c.o: in function `main':
src.c:(.text+0x46): undefined reference to `pthread_create'
/usr/bin/ld: src.c:(.text+0x52): undefined reference to `pthread_detach'
/usr/bin/ld: src.c:(.text+0x63): undefined reference to `pthread_join'
collect2: error: ld returned 1 exit status
make[1]: *** [CMakeFiles/cmTC_f580d.dir/build.make:87: cmTC_f580d] Error 1
make[1]: Leaving directory '/home/adrian/systemc/systemc-2.3.3/build/CMakeFiles/CMakeTmp'
make: *** [Makefile:121: cmTC_f580d/fast] Error 2


Source file was:
#include <pthread.h>

void* test_func(void* data)
{
  return data;
}

int main(void)
{
  pthread_t thread;
  pthread_create(&thread, NULL, test_func, NULL);
  pthread_detach(thread);
  pthread_join(thread, NULL);
  pthread_atfork(NULL, NULL, NULL);
  pthread_exit(NULL);

  return 0;
}

